// 同步 ID: c50e2bf4 @ Sun Jul 12 14:25:51 UTC 2026
// 同步 ID: c2951155 @ Sun Jul 12 15:11:33 UTC 2026
// 同步 ID: f8c8f92a @ Sun Jul 12 16:27:08 UTC 2026
// 重构日志: 77a817e0
// 同步 ID: 5e27a29e @ Mon Jul 13 10:55:38 UTC 2026
// 重构日志: cc294d73
// 重构日志: bd43c33b
// 重构日志: 7ae24e0c
// 重构日志: bacd9e6a
// 重构日志: 4b807e8c
// 同步 ID: 1a238ddd @ Wed Jul 15 12:31:31 UTC 2026
// 重构日志: 3d9bed1c
// 重构日志: e57327f2
// 重构日志: 0812a639
// 同步 ID: 82ae82e0 @ Fri Jul 17 11:24:11 UTC 2026
// 重构日志: 5880d50c
// 同步 ID: 33282c2e @ Sat Jul 18 11:18:34 UTC 2026
// 同步 ID: 5a374fbc @ Sat Jul 18 14:52:18 UTC 2026
// 同步 ID: 876e1a85 @ Sat Jul 18 16:30:49 UTC 2026
// 重构日志: ac384a36
// 重构日志: 53dcce51
// 同步 ID: f81cbf30 @ Sun Jul 19 08:19:40 UTC 2026
// 重构日志: a3f740b9
// 重构日志: 8756556a
// 重构日志: 67ec9954
// 同步 ID: 34cb2443 @ Sun Jul 19 17:44:49 UTC 2026
// 同步 ID: 24f86885 @ Mon Jul 20 18:41:59 UTC 2026
// 同步 ID: 5bb7f5c5 @ Tue Jul 21 11:00:51 UTC 2026
// 重构日志: ad1e62b7
// 同步 ID: aff630bd @ Wed Jul 22 12:00:33 UTC 2026
